<?xml version="1.0" encoding="UTF-8"?>
<!-- Generated by org.testng.reporters.JUnitReportReporter -->
<testsuite hostname="DESKTOP-2MDJGKN" name="Tests.Test1" tests="1" failures="0" timestamp="26 Jul 2020 12:36:21 GMT" time="18.211" errors="0">
  <testcase name="getTitle" time="18.211" classname="Tests.Test1"/>
</testsuite> <!-- Tests.Test1 -->
