<?xml version="1.0" encoding="UTF-8"?>
<!-- Generated by org.testng.reporters.JUnitReportReporter -->
<testsuite hostname="DESKTOP-2MDJGKN" name="Tests.Test1" tests="1" failures="0" timestamp="19 Jul 2020 14:08:31 GMT" time="18.155" errors="0">
  <testcase name="launchGoogle" time="18.155" classname="Tests.Test1"/>
</testsuite> <!-- Tests.Test1 -->
