<?xml version="1.0" encoding="UTF-8"?>
<!-- Generated by org.testng.reporters.JUnitReportReporter -->
<testsuite skipped="0" hostname="DESKTOP-2MDJGKN" name="Tests.Test1" tests="1" failures="0" timestamp="2020-07-19T19:41:21 IST" time="16.935" errors="0">
  <testcase name="launchGoogle" time="16.935" classname="Tests.Test1"/>
  <system-out/>
</testsuite> <!-- Tests.Test1 -->
