<?xml version="1.0" encoding="UTF-8"?>
<!-- Generated by org.testng.reporters.JUnitReportReporter -->
<testsuite skipped="0" hostname="DESKTOP-2MDJGKN" name="Tests.Test1" tests="1" failures="0" timestamp="26 Jul 2020 15:02:12 GMT" time="18.355" errors="0">
  <testcase name="getTitle" time="18.355" classname="Tests.Test1"/>
</testsuite> <!-- Tests.Test1 -->
